<?xml version="1.0" encoding="utf-8"?><testsuites name="pytest tests"><testsuite name="pytest" errors="0" failures="0" skipped="1" tests="17" time="1.752" timestamp="2026-03-22T12:52:30.458494+00:00" hostname="agent-env-d4d52883-75a6-49c4-a77a-6d6fc5dbf7a0"><testcase classname="backend.tests.test_smart_feed_comments.TestHealthCheck" name="test_backend_is_running" time="0.172" /><testcase classname="backend.tests.test_smart_feed_comments.TestSmartFeedAlgorithm" name="test_feed_returns_videos" time="0.049" /><testcase classname="backend.tests.test_smart_feed_comments.TestSmartFeedAlgorithm" name="test_feed_uses_smart_scoring" time="0.050"><skipped type="pytest.skip" message="Not enough videos to verify sorting">/app/backend/tests/test_smart_feed_comments.py:91: Not enough videos to verify sorting</skipped></testcase><testcase classname="backend.tests.test_smart_feed_comments.TestSmartFeedAlgorithm" name="test_feed_pagination" time="0.045" /><testcase classname="backend.tests.test_smart_feed_comments.TestSmartTrendingAlgorithm" name="test_trending_returns_data" time="0.047" /><testcase classname="backend.tests.test_smart_feed_comments.TestSmartTrendingAlgorithm" name="test_trending_videos_have_metrics" time="0.045" /><testcase classname="backend.tests.test_smart_feed_comments.TestSmartTrendingAlgorithm" name="test_trending_hashtags_format" time="0.076" /><testcase classname="backend.tests.test_smart_feed_comments.TestNestedComments" name="test_get_comments" time="0.090" /><testcase classname="backend.tests.test_smart_feed_comments.TestNestedComments" name="test_create_comment" time="0.354" /><testcase classname="backend.tests.test_smart_feed_comments.TestNestedComments" name="test_create_reply_to_comment" time="0.101" /><testcase classname="backend.tests.test_smart_feed_comments.TestNestedComments" name="test_get_replies_for_comment" time="0.150" /><testcase classname="backend.tests.test_smart_feed_comments.TestNestedComments" name="test_comment_reply_count_increments" time="0.198" /><testcase classname="backend.tests.test_smart_feed_comments.TestPWAManifest" name="test_manifest_accessible" time="0.048" /><testcase classname="backend.tests.test_smart_feed_comments.TestPWAManifest" name="test_manifest_has_shortcuts" time="0.043" /><testcase classname="backend.tests.test_smart_feed_comments.TestPWAManifest" name="test_manifest_pwa_properties" time="0.046" /><testcase classname="backend.tests.test_smart_feed_comments.TestServiceWorker" name="test_service_worker_accessible" time="0.042" /><testcase classname="backend.tests.test_smart_feed_comments.TestServiceWorker" name="test_service_worker_cache_version" time="0.044" /></testsuite></testsuites>