<?xml version="1.0" encoding="utf-8"?><testsuites name="pytest tests"><testsuite name="pytest" errors="0" failures="0" skipped="0" tests="25" time="3.397" timestamp="2026-03-21T15:12:05.633653+00:00" hostname="agent-env-d4d52883-75a6-49c4-a77a-6d6fc5dbf7a0"><testcase classname="tests.test_live_wallet_gifts.TestHealthCheck" name="test_api_health" time="0.120" /><testcase classname="tests.test_live_wallet_gifts.TestHealthCheck" name="test_api_root" time="0.054" /><testcase classname="tests.test_live_wallet_gifts.TestLiveStreaming" name="test_get_active_streams" time="0.055" /><testcase classname="tests.test_live_wallet_gifts.TestLiveStreaming" name="test_start_live_stream" time="0.623" /><testcase classname="tests.test_live_wallet_gifts.TestLiveStreaming" name="test_get_stream_details" time="0.051" /><testcase classname="tests.test_live_wallet_gifts.TestLiveStreaming" name="test_join_stream" time="0.063" /><testcase classname="tests.test_live_wallet_gifts.TestLiveStreaming" name="test_leave_stream" time="0.065" /><testcase classname="tests.test_live_wallet_gifts.TestLiveStreaming" name="test_like_stream" time="0.051" /><testcase classname="tests.test_live_wallet_gifts.TestLiveStreaming" name="test_get_chat_messages" time="0.052" /><testcase classname="tests.test_live_wallet_gifts.TestLiveStreaming" name="test_send_chat_message" time="0.055" /><testcase classname="tests.test_live_wallet_gifts.TestLiveStreaming" name="test_hls_playlist_not_ready" time="0.046" /><testcase classname="tests.test_live_wallet_gifts.TestLiveStreaming" name="test_upload_chunk_requires_auth" time="0.050" /><testcase classname="tests.test_live_wallet_gifts.TestLiveStreaming" name="test_end_live_stream" time="0.063" /><testcase classname="tests.test_live_wallet_gifts.TestWallet" name="test_get_wallet_balance" time="0.057" /><testcase classname="tests.test_live_wallet_gifts.TestWallet" name="test_get_transactions" time="0.055" /><testcase classname="tests.test_live_wallet_gifts.TestWallet" name="test_initiate_topup" time="0.056" /><testcase classname="tests.test_live_wallet_gifts.TestWallet" name="test_withdraw_insufficient_balance" time="0.056" /><testcase classname="tests.test_live_wallet_gifts.TestWallet" name="test_withdraw_success" time="0.104" /><testcase classname="tests.test_live_wallet_gifts.TestGifts" name="test_get_all_gifts" time="0.060" /><testcase classname="tests.test_live_wallet_gifts.TestGifts" name="test_send_gift_requires_auth" time="0.049" /><testcase classname="tests.test_live_wallet_gifts.TestGifts" name="test_send_gift_invalid_recipient" time="0.260" /><testcase classname="tests.test_live_wallet_gifts.TestGifts" name="test_send_gift_success" time="0.462" /><testcase classname="tests.test_live_wallet_gifts.TestGifts" name="test_send_gift_insufficient_balance" time="0.298" /><testcase classname="tests.test_live_wallet_gifts.TestIntegration" name="test_new_user_gets_100_coins" time="0.276" /><testcase classname="tests.test_live_wallet_gifts.TestIntegration" name="test_gift_creates_notification" time="0.255" /></testsuite></testsuites>