<?xml version="1.0" encoding="utf-8"?><testsuites name="pytest tests"><testsuite name="pytest" errors="0" failures="0" skipped="0" tests="15" time="0.967" timestamp="2026-03-22T14:11:10.847003+00:00" hostname="agent-env-d4d52883-75a6-49c4-a77a-6d6fc5dbf7a0"><testcase classname="backend.tests.test_performance_theme.TestHealthCheck" name="test_backend_health" time="0.196" /><testcase classname="backend.tests.test_performance_theme.TestFeedPerformance" name="test_feed_response_time" time="0.059" /><testcase classname="backend.tests.test_performance_theme.TestFeedPerformance" name="test_feed_video_structure" time="0.060" /><testcase classname="backend.tests.test_performance_theme.TestLiveStreamsInFeed" name="test_active_streams_endpoint" time="0.055" /><testcase classname="backend.tests.test_performance_theme.TestLiveStreamsInFeed" name="test_stream_has_viewer_count" time="0.059" /><testcase classname="backend.tests.test_performance_theme.TestGiftSystem" name="test_get_gifts_list" time="0.052" /><testcase classname="backend.tests.test_performance_theme.TestGiftSystem" name="test_gift_has_animation_data" time="0.056" /><testcase classname="backend.tests.test_performance_theme.TestSwipeNavigation" name="test_multiple_streams_available" time="0.050" /><testcase classname="backend.tests.test_performance_theme.TestSwipeNavigation" name="test_stream_sorting_by_relevance" time="0.057" /><testcase classname="backend.tests.test_performance_theme.TestNestedCommentsUI" name="test_comment_has_replies_field" time="0.103" /><testcase classname="backend.tests.test_performance_theme.TestReactMemoOptimization" name="test_feed_returns_stable_ids" time="0.094" /><testcase classname="backend.tests.test_performance_theme.TestCapacitorConfig" name="test_capacitor_config_exists" time="0.000" /><testcase classname="backend.tests.test_performance_theme.TestCapacitorConfig" name="test_capacitor_hook_exists" time="0.000" /><testcase classname="backend.tests.test_performance_theme.TestThemeSystem" name="test_theme_context_exists" time="0.000" /><testcase classname="backend.tests.test_performance_theme.TestThemeSystem" name="test_css_variables_defined" time="0.001" /></testsuite></testsuites>